1437463337647|-1||debug||com.p6spy.engine.common.P6SpyOptions reloading properties
1437463337649|-1||info||Using properties file: D:\workspace2015_1\jeeshop\web\WEB-INF\classes\spy.properties
1437463337650|-1||info||No value in environment for: getStackTrace, using: false
1437463337650|-1||info||No value in environment for: getFilter, using: false
1437463337650|-1||info||No value in environment for: getAppender, using: com.p6spy.engine.logging.appender.Log4jLogger
1437463337650|-1||info||No value in environment for: getRealDataSource, using: null
1437463337650|-1||info||No value in environment for: getJNDIContextFactory, using: null
1437463337650|-1||info||No value in environment for: getJNDIContextProviderURL, using: null
1437463337650|-1||info||No value in environment for: getJNDIContextCustom, using: null
1437463337651|-1||info||No value in environment for: getRealDataSourceProperties, using: null
1437463337652|-1||info||No value in environment for: getDeregisterDrivers, using: false
1437463337652|-1||info||No value in environment for: getUsePrefix, using: false
1437463337652|-1||info||No value in environment for: getExecutionThreshold, using: 0
1437463337652|-1||info||No value in environment for: getAutoflush, using: true
1437463337652|-1||info||No value in environment for: getExclude, using: 
1437463337652|-1||info||No value in environment for: getExcludecategories, using: info,debug,result,batch
1437463337652|-1||info||No value in environment for: getInclude, using: 
1437463337652|-1||info||No value in environment for: getIncludecategories, using: 
1437463337652|-1||info||No value in environment for: getLogfile, using: spy11.log
1437463337652|-1||info||No value in environment for: getRealdriver, using: com.mysql.jdbc.Driver
1437463337652|-1||info||No value in environment for: getRealdriver2, using: 
1437463337652|-1||info||No value in environment for: getRealdriver3, using: 
1437463337652|-1||info||No value in environment for: getAppend, using: true
1437463337652|-1||info||No value in environment for: getSpydriver, using: com.p6spy.engine.spy.P6SpyDriver
1437463337652|-1||info||No value in environment for: getDateformat, using: 
1437463337652|-1||info||No value in environment for: getDateformatter, using: null
1437463337652|-1||info||No value in environment for: getStringmatcher, using: com.p6spy.engine.common.SubstringMatcher
1437463337652|-1||info||No value in environment for: getStringMatcherEngine, using: com.p6spy.engine.common.SubstringMatcher@18feca1
1437463337652|-1||info||No value in environment for: getStackTraceClass, using: 
1437463337652|-1||info||No value in environment for: getSQLExpression, using: null
1437463337652|-1||info||No value in environment for: getReloadProperties, using: false
1437463337652|-1||info||No value in environment for: getReloadPropertiesInterval, using: 60
1437463337652|-1||info||No value in environment for: getRealDataSourceClass, using: null
